{"level":"\u001b[32minfo\u001b[39m","message":"{\"method\":\"GET\",\"url\":\"/api/post\",\"status\":\"200\",\"responseTime\":\"541.715\"}","timestamp":"2024-06-13T06:23:47.282Z"}
{"level":"\u001b[32minfo\u001b[39m","message":"{\"method\":\"GET\",\"url\":\"/api/user/profilePosts\",\"status\":\"200\",\"responseTime\":\"1404.740\"}","timestamp":"2024-06-13T08:59:29.334Z"}
{"level":"\u001b[32minfo\u001b[39m","message":"{\"method\":\"GET\",\"url\":\"/api/user/profilePosts\",\"status\":\"304\",\"responseTime\":\"176.151\"}","timestamp":"2024-06-13T08:59:29.862Z"}
{"level":"\u001b[32minfo\u001b[39m","message":"{\"method\":\"GET\",\"url\":\"/api/post/66692aab1c7fa2e719b50f74\",\"status\":\"200\",\"responseTime\":\"207.478\"}","timestamp":"2024-06-13T08:59:34.663Z"}
{"level":"\u001b[32minfo\u001b[39m","message":"{\"method\":\"GET\",\"url\":\"/api/post/66692aab1c7fa2e719b50f74\",\"status\":\"304\",\"responseTime\":\"224.046\"}","timestamp":"2024-06-13T08:59:34.913Z"}
{"level":"\u001b[32minfo\u001b[39m","message":"{\"method\":\"GET\",\"url\":\"/api/post\",\"status\":\"200\",\"responseTime\":\"68.226\"}","timestamp":"2024-06-13T09:10:43.550Z"}
{"level":"\u001b[32minfo\u001b[39m","message":"{\"method\":\"GET\",\"url\":\"/api/post?type=buy&city=&minPrice=0&maxPrice=0\",\"status\":\"200\",\"responseTime\":\"54.839\"}","timestamp":"2024-06-13T09:15:30.856Z"}
{"level":"\u001b[32minfo\u001b[39m","message":"{\"method\":\"GET\",\"url\":\"/api/post?type=buy&city=&minPrice=0&maxPrice=0\",\"status\":\"304\",\"responseTime\":\"61.407\"}","timestamp":"2024-06-13T09:15:30.938Z"}
{"level":"\u001b[32minfo\u001b[39m","message":"{\"method\":\"GET\",\"url\":\"/api/post?type=buy&city=&minPrice=0&maxPrice=0\",\"status\":\"304\",\"responseTime\":\"330.094\"}","timestamp":"2024-06-13T10:07:31.109Z"}
{"level":"\u001b[32minfo\u001b[39m","message":"{\"method\":\"GET\",\"url\":\"/api/post?type=buy&city=&minPrice=0&maxPrice=0\",\"status\":\"304\",\"responseTime\":\"50.585\"}","timestamp":"2024-06-13T10:07:31.166Z"}
{"level":"\u001b[32minfo\u001b[39m","message":"{\"method\":\"GET\",\"url\":\"/api/post?type=buy&city=&minPrice=0&maxPrice=0\",\"status\":\"304\",\"responseTime\":\"54.189\"}","timestamp":"2024-06-13T10:07:31.847Z"}
{"level":"\u001b[32minfo\u001b[39m","message":"{\"method\":\"GET\",\"url\":\"/api/post?type=buy&city=&minPrice=0&maxPrice=0\",\"status\":\"304\",\"responseTime\":\"50.659\"}","timestamp":"2024-06-13T10:08:35.976Z"}
{"level":"\u001b[32minfo\u001b[39m","message":"{\"method\":\"GET\",\"url\":\"/api/post?type=buy&city=&minPrice=0&maxPrice=0\",\"status\":\"304\",\"responseTime\":\"53.390\"}","timestamp":"2024-06-13T10:08:36.032Z"}
{"level":"\u001b[32minfo\u001b[39m","message":"{\"method\":\"GET\",\"url\":\"/api/post?type=buy&city=&minPrice=0&maxPrice=0\",\"status\":\"304\",\"responseTime\":\"86.783\"}","timestamp":"2024-06-13T10:08:36.718Z"}
{"level":"\u001b[32minfo\u001b[39m","message":"{\"method\":\"GET\",\"url\":\"/api/post?type=buy&city=&minPrice=0&maxPrice=0\",\"status\":\"304\",\"responseTime\":\"50.272\"}","timestamp":"2024-06-13T10:08:42.029Z"}
{"level":"\u001b[32minfo\u001b[39m","message":"{\"method\":\"GET\",\"url\":\"/api/post?type=buy&city=&minPrice=0&maxPrice=0\",\"status\":\"304\",\"responseTime\":\"48.865\"}","timestamp":"2024-06-13T10:08:42.080Z"}
{"level":"\u001b[32minfo\u001b[39m","message":"{\"method\":\"GET\",\"url\":\"/api/post?type=buy&city=&minPrice=0&maxPrice=0\",\"status\":\"304\",\"responseTime\":\"74.534\"}","timestamp":"2024-06-13T10:08:43.050Z"}
{"level":"\u001b[32minfo\u001b[39m","message":"{\"method\":\"GET\",\"url\":\"/api/post?type=buy&city=&minPrice=0&maxPrice=0\",\"status\":\"304\",\"responseTime\":\"52.725\"}","timestamp":"2024-06-13T10:08:45.134Z"}
{"level":"\u001b[32minfo\u001b[39m","message":"{\"method\":\"GET\",\"url\":\"/api/post?type=buy&city=&minPrice=0&maxPrice=0\",\"status\":\"304\",\"responseTime\":\"49.829\"}","timestamp":"2024-06-13T10:08:45.186Z"}
{"level":"\u001b[32minfo\u001b[39m","message":"{\"method\":\"GET\",\"url\":\"/api/post?type=buy&city=&minPrice=0&maxPrice=0\",\"status\":\"304\",\"responseTime\":\"51.773\"}","timestamp":"2024-06-13T10:08:47.135Z"}
{"level":"\u001b[32minfo\u001b[39m","message":"{\"method\":\"GET\",\"url\":\"/api/post?type=buy&city=&minPrice=0&maxPrice=0\",\"status\":\"304\",\"responseTime\":\"60.687\"}","timestamp":"2024-06-13T10:26:30.134Z"}
{"level":"\u001b[32minfo\u001b[39m","message":"{\"method\":\"GET\",\"url\":\"/api/post?type=buy&city=&minPrice=0&maxPrice=0\",\"status\":\"304\",\"responseTime\":\"75.549\"}","timestamp":"2024-06-13T10:26:30.221Z"}
{"level":"\u001b[32minfo\u001b[39m","message":"{\"method\":\"GET\",\"url\":\"/api/post?type=buy&city=&minPrice=0&maxPrice=0\",\"status\":\"304\",\"responseTime\":\"50.988\"}","timestamp":"2024-06-13T10:26:32.005Z"}
{"level":"\u001b[32minfo\u001b[39m","message":"{\"method\":\"GET\",\"url\":\"/api/post?type=buy&city=&minPrice=0&maxPrice=0\",\"status\":\"304\",\"responseTime\":\"403.334\"}","timestamp":"2024-06-13T10:45:15.874Z"}
{"level":"\u001b[32minfo\u001b[39m","message":"{\"method\":\"GET\",\"url\":\"/api/post?type=buy&city=&minPrice=0&maxPrice=0\",\"status\":\"304\",\"responseTime\":\"53.039\"}","timestamp":"2024-06-13T10:45:15.935Z"}
{"level":"\u001b[32minfo\u001b[39m","message":"{\"method\":\"GET\",\"url\":\"/api/post?type=buy&city=&minPrice=0&maxPrice=0\",\"status\":\"304\",\"responseTime\":\"53.805\"}","timestamp":"2024-06-13T10:45:16.861Z"}
{"level":"\u001b[32minfo\u001b[39m","message":"{\"method\":\"GET\",\"url\":\"/api/post?type=buy&city=&minPrice=0&maxPrice=034343&property=&bedroom=\",\"status\":\"200\",\"responseTime\":\"62.897\"}","timestamp":"2024-06-13T10:52:08.653Z"}
{"level":"\u001b[32minfo\u001b[39m","message":"{\"method\":\"GET\",\"url\":\"/api/user/profilePosts\",\"status\":\"304\",\"responseTime\":\"179.537\"}","timestamp":"2024-06-13T10:52:39.466Z"}
{"level":"\u001b[32minfo\u001b[39m","message":"{\"method\":\"GET\",\"url\":\"/api/chat\",\"status\":\"200\",\"responseTime\":\"71.954\"}","timestamp":"2024-06-13T10:58:25.202Z"}
{"level":"\u001b[31merror\u001b[39m","timestamp":"2024-06-13T11:02:42.413Z"}
{"level":"\u001b[32minfo\u001b[39m","message":"{\"method\":\"GET\",\"url\":\"/api/chat\",\"status\":\"500\",\"responseTime\":\"1524.291\"}","timestamp":"2024-06-13T11:02:42.425Z"}
{"level":"\u001b[31merror\u001b[39m","timestamp":"2024-06-13T11:03:04.325Z"}
{"level":"\u001b[32minfo\u001b[39m","message":"{\"method\":\"GET\",\"url\":\"/api/chat\",\"status\":\"500\",\"responseTime\":\"598.889\"}","timestamp":"2024-06-13T11:03:04.346Z"}
{"level":"\u001b[32minfo\u001b[39m","message":"{\"method\":\"GET\",\"url\":\"/api/chat\",\"status\":\"200\",\"responseTime\":\"911.443\"}","timestamp":"2024-06-13T11:03:41.660Z"}
{"level":"\u001b[32minfo\u001b[39m","message":"{\"method\":\"GET\",\"url\":\"/api/chat\",\"status\":\"200\",\"responseTime\":\"680.227\"}","timestamp":"2024-06-13T11:04:09.861Z"}
{"level":"\u001b[32minfo\u001b[39m","message":"{\"method\":\"GET\",\"url\":\"/api/user/\",\"status\":\"200\",\"responseTime\":\"60.161\"}","timestamp":"2024-06-13T11:06:26.831Z"}
{"level":"\u001b[32minfo\u001b[39m","message":"{\"method\":\"GET\",\"url\":\"/api/user/\",\"status\":\"304\",\"responseTime\":\"80.369\"}","timestamp":"2024-06-13T11:06:26.914Z"}
{"level":"\u001b[32minfo\u001b[39m","message":"{\"method\":\"GET\",\"url\":\"/api/user/profilePosts\",\"status\":\"304\",\"responseTime\":\"618.073\"}","timestamp":"2024-06-13T11:06:27.395Z"}
{"level":"\u001b[32minfo\u001b[39m","message":"{\"method\":\"GET\",\"url\":\"/api/user/profilePosts\",\"status\":\"304\",\"responseTime\":\"154.525\"}","timestamp":"2024-06-13T11:06:27.552Z"}
{"level":"\u001b[32minfo\u001b[39m","message":"{\"method\":\"GET\",\"url\":\"/api/chat\",\"status\":\"200\",\"responseTime\":\"61.515\"}","timestamp":"2024-06-13T11:06:33.930Z"}
{"level":"\u001b[32minfo\u001b[39m","message":"{\"method\":\"GET\",\"url\":\"/api/chat\",\"status\":\"304\",\"responseTime\":\"71.490\"}","timestamp":"2024-06-13T11:06:34.011Z"}
{"level":"\u001b[32minfo\u001b[39m","message":"{\"method\":\"GET\",\"url\":\"/api/user/profilePosts\",\"status\":\"304\",\"responseTime\":\"165.776\"}","timestamp":"2024-06-13T11:06:34.027Z"}
{"level":"\u001b[32minfo\u001b[39m","message":"{\"method\":\"GET\",\"url\":\"/api/user/profilePosts\",\"status\":\"304\",\"responseTime\":\"162.661\"}","timestamp":"2024-06-13T11:06:34.205Z"}
{"level":"\u001b[32minfo\u001b[39m","message":"{\"method\":\"GET\",\"url\":\"/api/chat\",\"status\":\"304\",\"responseTime\":\"58.965\"}","timestamp":"2024-06-13T11:06:49.776Z"}
{"level":"\u001b[32minfo\u001b[39m","message":"{\"method\":\"GET\",\"url\":\"/api/chat\",\"status\":\"304\",\"responseTime\":\"90.606\"}","timestamp":"2024-06-13T11:06:49.868Z"}
{"level":"\u001b[32minfo\u001b[39m","message":"{\"method\":\"GET\",\"url\":\"/api/user/profilePosts\",\"status\":\"304\",\"responseTime\":\"202.497\"}","timestamp":"2024-06-13T11:06:49.919Z"}
{"level":"\u001b[32minfo\u001b[39m","message":"{\"method\":\"GET\",\"url\":\"/api/user/profilePosts\",\"status\":\"304\",\"responseTime\":\"181.619\"}","timestamp":"2024-06-13T11:06:50.104Z"}
{"level":"\u001b[32minfo\u001b[39m","message":"{\"method\":\"GET\",\"url\":\"/api/chat\",\"status\":\"200\",\"responseTime\":\"111.089\"}","timestamp":"2024-06-13T11:10:47.627Z"}
{"level":"\u001b[32minfo\u001b[39m","message":"{\"method\":\"POST\",\"url\":\"/api/auth/logout\",\"status\":\"200\",\"responseTime\":\"4.663\"}","timestamp":"2024-06-13T11:11:39.168Z"}
{"level":"\u001b[32minfo\u001b[39m","message":"{\"method\":\"POST\",\"url\":\"/api/auth/login\",\"status\":\"401\",\"responseTime\":\"108.823\"}","timestamp":"2024-06-13T11:11:58.697Z"}
{"level":"\u001b[32minfo\u001b[39m","message":"{\"method\":\"POST\",\"url\":\"/api/auth/login\",\"status\":\"401\",\"responseTime\":\"104.593\"}","timestamp":"2024-06-13T11:12:03.172Z"}
{"level":"\u001b[32minfo\u001b[39m","message":"{\"method\":\"POST\",\"url\":\"/api/auth/login\",\"status\":\"200\",\"responseTime\":\"109.096\"}","timestamp":"2024-06-13T11:12:15.619Z"}
{"level":"\u001b[32minfo\u001b[39m","message":"{\"method\":\"GET\",\"url\":\"/api/chat\",\"status\":\"304\",\"responseTime\":\"52.060\"}","timestamp":"2024-06-13T11:12:21.676Z"}
{"level":"\u001b[32minfo\u001b[39m","message":"{\"method\":\"GET\",\"url\":\"/api/user/profilePosts\",\"status\":\"304\",\"responseTime\":\"156.917\"}","timestamp":"2024-06-13T11:12:21.783Z"}
{"level":"\u001b[32minfo\u001b[39m","message":"{\"method\":\"PUT\",\"url\":\"/api/user/6667ebeaa8c662ab97dd18e3\",\"status\":\"200\",\"responseTime\":\"307.167\"}","timestamp":"2024-06-13T11:12:28.619Z"}
{"level":"\u001b[32minfo\u001b[39m","message":"{\"method\":\"GET\",\"url\":\"/api/chat\",\"status\":\"304\",\"responseTime\":\"52.294\"}","timestamp":"2024-06-13T11:12:28.684Z"}
{"level":"\u001b[32minfo\u001b[39m","message":"{\"method\":\"GET\",\"url\":\"/api/user/profilePosts\",\"status\":\"304\",\"responseTime\":\"153.978\"}","timestamp":"2024-06-13T11:12:28.780Z"}
{"level":"\u001b[32minfo\u001b[39m","message":"{\"method\":\"POST\",\"url\":\"/api/auth/login\",\"status\":\"200\",\"responseTime\":\"115.459\"}","timestamp":"2024-06-13T11:12:42.531Z"}
{"level":"\u001b[32minfo\u001b[39m","message":"{\"method\":\"GET\",\"url\":\"/api/chat\",\"status\":\"200\",\"responseTime\":\"56.739\"}","timestamp":"2024-06-13T11:12:46.657Z"}
{"level":"\u001b[32minfo\u001b[39m","message":"{\"method\":\"POST\",\"url\":\"/api/chat\",\"status\":\"200\",\"responseTime\":\"173.617\"}","timestamp":"2024-06-13T11:12:54.601Z"}
{"level":"\u001b[32minfo\u001b[39m","message":"{\"method\":\"GET\",\"url\":\"/api/chat\",\"status\":\"200\",\"responseTime\":\"107.720\"}","timestamp":"2024-06-13T11:15:03.211Z"}
{"level":"\u001b[32minfo\u001b[39m","message":"{\"method\":\"POST\",\"url\":\"/api/message/666ad43627a8428badbde692\",\"status\":\"200\",\"responseTime\":\"1638.064\"}","timestamp":"2024-06-13T11:17:36.743Z"}
{"level":"\u001b[32minfo\u001b[39m","message":"{\"method\":\"POST\",\"url\":\"/api/message/666ad43627a8428badbde692\",\"status\":\"200\",\"responseTime\":\"404.133\"}","timestamp":"2024-06-13T11:18:02.067Z"}
{"level":"\u001b[32minfo\u001b[39m","message":"{\"method\":\"GET\",\"url\":\"/api/chat\",\"status\":\"200\",\"responseTime\":\"98.325\"}","timestamp":"2024-06-13T11:18:13.193Z"}
{"level":"\u001b[32minfo\u001b[39m","message":"{\"method\":\"GET\",\"url\":\"/api/user/profilePosts\",\"status\":\"200\",\"responseTime\":\"259.716\"}","timestamp":"2024-06-13T11:18:58.907Z"}
{"level":"\u001b[32minfo\u001b[39m","message":"{\"method\":\"GET\",\"url\":\"/api/user/profilePosts\",\"status\":\"200\",\"responseTime\":\"296.072\"}","timestamp":"2024-06-13T11:18:58.955Z"}
{"level":"\u001b[32minfo\u001b[39m","message":"{\"method\":\"GET\",\"url\":\"/api/chat\",\"status\":\"200\",\"responseTime\":\"413.429\"}","timestamp":"2024-06-13T11:18:59.071Z"}
{"level":"\u001b[32minfo\u001b[39m","message":"{\"method\":\"GET\",\"url\":\"/api/chat\",\"status\":\"200\",\"responseTime\":\"436.364\"}","timestamp":"2024-06-13T11:18:59.095Z"}
{"level":"\u001b[32minfo\u001b[39m","message":"{\"method\":\"GET\",\"url\":\"/api/chat\",\"status\":\"200\",\"responseTime\":\"105.292\"}","timestamp":"2024-06-13T11:19:14.599Z"}
{"level":"\u001b[32minfo\u001b[39m","message":"{\"method\":\"POST\",\"url\":\"/api/chat\",\"status\":\"200\",\"responseTime\":\"150.124\"}","timestamp":"2024-06-13T11:19:33.084Z"}
{"level":"\u001b[32minfo\u001b[39m","message":"{\"method\":\"GET\",\"url\":\"/api/chat\",\"status\":\"200\",\"responseTime\":\"153.167\"}","timestamp":"2024-06-13T11:19:37.675Z"}
{"level":"\u001b[32minfo\u001b[39m","message":"{\"method\":\"GET\",\"url\":\"/api/user/profilePosts\",\"status\":\"304\",\"responseTime\":\"147.108\"}","timestamp":"2024-06-13T11:21:13.875Z"}
{"level":"\u001b[32minfo\u001b[39m","message":"{\"method\":\"GET\",\"url\":\"/api/chat\",\"status\":\"200\",\"responseTime\":\"159.734\"}","timestamp":"2024-06-13T11:21:13.890Z"}
{"level":"\u001b[32minfo\u001b[39m","message":"{\"method\":\"GET\",\"url\":\"/api/chat\",\"status\":\"200\",\"responseTime\":\"167.711\"}","timestamp":"2024-06-13T11:23:21.525Z"}
{"level":"\u001b[32minfo\u001b[39m","message":"{\"method\":\"GET\",\"url\":\"/api/user/profilePosts\",\"status\":\"200\",\"responseTime\":\"169.461\"}","timestamp":"2024-06-13T11:23:24.144Z"}
{"level":"\u001b[32minfo\u001b[39m","message":"{\"method\":\"GET\",\"url\":\"/api/user/profilePosts\",\"status\":\"200\",\"responseTime\":\"180.990\"}","timestamp":"2024-06-13T11:23:24.146Z"}
{"level":"\u001b[32minfo\u001b[39m","message":"{\"method\":\"GET\",\"url\":\"/api/chat\",\"status\":\"200\",\"responseTime\":\"189.151\"}","timestamp":"2024-06-13T11:23:24.161Z"}
{"level":"\u001b[32minfo\u001b[39m","message":"{\"method\":\"GET\",\"url\":\"/api/chat\",\"status\":\"200\",\"responseTime\":\"540.658\"}","timestamp":"2024-06-13T11:23:24.518Z"}
{"level":"\u001b[32minfo\u001b[39m","message":"{\"method\":\"GET\",\"url\":\"/api/user/profilePosts\",\"status\":\"200\",\"responseTime\":\"153.262\"}","timestamp":"2024-06-13T11:23:39.223Z"}
{"level":"\u001b[32minfo\u001b[39m","message":"{\"method\":\"GET\",\"url\":\"/api/chat\",\"status\":\"200\",\"responseTime\":\"152.093\"}","timestamp":"2024-06-13T11:23:39.225Z"}
{"level":"\u001b[32minfo\u001b[39m","message":"{\"method\":\"GET\",\"url\":\"/api/chat\",\"status\":\"200\",\"responseTime\":\"152.067\"}","timestamp":"2024-06-13T11:23:39.230Z"}
{"level":"\u001b[32minfo\u001b[39m","message":"{\"method\":\"GET\",\"url\":\"/api/user/profilePosts\",\"status\":\"200\",\"responseTime\":\"159.380\"}","timestamp":"2024-06-13T11:23:39.236Z"}
{"level":"\u001b[32minfo\u001b[39m","message":"{\"method\":\"GET\",\"url\":\"/api/chat\",\"status\":\"304\",\"responseTime\":\"155.048\"}","timestamp":"2024-06-13T11:24:52.895Z"}
{"level":"\u001b[32minfo\u001b[39m","message":"{\"method\":\"GET\",\"url\":\"/api/user/profilePosts\",\"status\":\"304\",\"responseTime\":\"166.522\"}","timestamp":"2024-06-13T11:24:52.905Z"}
{"level":"\u001b[32minfo\u001b[39m","message":"{\"method\":\"GET\",\"url\":\"/api/user/profilePosts\",\"status\":\"200\",\"responseTime\":\"159.151\"}","timestamp":"2024-06-13T11:24:56.706Z"}
{"level":"\u001b[32minfo\u001b[39m","message":"{\"method\":\"GET\",\"url\":\"/api/chat\",\"status\":\"200\",\"responseTime\":\"162.589\"}","timestamp":"2024-06-13T11:24:56.712Z"}
{"level":"\u001b[32minfo\u001b[39m","message":"{\"method\":\"GET\",\"url\":\"/api/chat\",\"status\":\"200\",\"responseTime\":\"156.200\"}","timestamp":"2024-06-13T11:24:56.717Z"}
{"level":"\u001b[32minfo\u001b[39m","message":"{\"method\":\"GET\",\"url\":\"/api/user/profilePosts\",\"status\":\"200\",\"responseTime\":\"163.077\"}","timestamp":"2024-06-13T11:24:56.720Z"}
{"level":"\u001b[32minfo\u001b[39m","message":"{\"method\":\"GET\",\"url\":\"/api/user/profilePosts\",\"status\":\"304\",\"responseTime\":\"153.044\"}","timestamp":"2024-06-13T11:24:57.319Z"}
{"level":"\u001b[32minfo\u001b[39m","message":"{\"method\":\"GET\",\"url\":\"/api/chat\",\"status\":\"304\",\"responseTime\":\"157.571\"}","timestamp":"2024-06-13T11:24:57.327Z"}
{"level":"\u001b[32minfo\u001b[39m","message":"{\"method\":\"GET\",\"url\":\"/api/user/profilePosts\",\"status\":\"200\",\"responseTime\":\"168.103\"}","timestamp":"2024-06-13T11:25:37.283Z"}
{"level":"\u001b[32minfo\u001b[39m","message":"{\"method\":\"GET\",\"url\":\"/api/chat\",\"status\":\"200\",\"responseTime\":\"166.826\"}","timestamp":"2024-06-13T11:25:37.285Z"}
{"level":"\u001b[32minfo\u001b[39m","message":"{\"method\":\"GET\",\"url\":\"/api/user/profilePosts\",\"status\":\"200\",\"responseTime\":\"164.671\"}","timestamp":"2024-06-13T11:25:37.287Z"}
{"level":"\u001b[32minfo\u001b[39m","message":"{\"method\":\"GET\",\"url\":\"/api/chat\",\"status\":\"200\",\"responseTime\":\"202.137\"}","timestamp":"2024-06-13T11:25:37.334Z"}
{"level":"\u001b[32minfo\u001b[39m","message":"{\"method\":\"GET\",\"url\":\"/api/chat\",\"status\":\"304\",\"responseTime\":\"172.651\"}","timestamp":"2024-06-13T11:25:37.996Z"}
{"level":"\u001b[32minfo\u001b[39m","message":"{\"method\":\"GET\",\"url\":\"/api/user/profilePosts\",\"status\":\"304\",\"responseTime\":\"179.500\"}","timestamp":"2024-06-13T11:25:37.999Z"}
{"level":"\u001b[32minfo\u001b[39m","message":"{\"method\":\"GET\",\"url\":\"/api/user/profilePosts\",\"status\":\"200\",\"responseTime\":\"155.005\"}","timestamp":"2024-06-13T11:26:00.080Z"}
{"level":"\u001b[32minfo\u001b[39m","message":"{\"method\":\"GET\",\"url\":\"/api/user/profilePosts\",\"status\":\"200\",\"responseTime\":\"161.519\"}","timestamp":"2024-06-13T11:26:00.096Z"}
{"level":"\u001b[32minfo\u001b[39m","message":"{\"method\":\"GET\",\"url\":\"/api/chat\",\"status\":\"200\",\"responseTime\":\"165.968\"}","timestamp":"2024-06-13T11:26:00.102Z"}
{"level":"\u001b[32minfo\u001b[39m","message":"{\"method\":\"GET\",\"url\":\"/api/chat\",\"status\":\"200\",\"responseTime\":\"174.481\"}","timestamp":"2024-06-13T11:26:00.104Z"}
{"level":"\u001b[32minfo\u001b[39m","message":"{\"method\":\"GET\",\"url\":\"/api/chat/666ad5c4cdce0c97fe8d309b\",\"status\":\"200\",\"responseTime\":\"64.364\"}","timestamp":"2024-06-13T11:34:31.029Z"}
{"level":"\u001b[32minfo\u001b[39m","message":"{\"method\":\"GET\",\"url\":\"/api/chat/666ad5c4cdce0c97fe8d309b\",\"status\":\"304\",\"responseTime\":\"55.665\"}","timestamp":"2024-06-13T11:34:40.071Z"}
{"level":"\u001b[32minfo\u001b[39m","message":"{\"method\":\"GET\",\"url\":\"/api/chat/666ad5c4cdce0c97fe8d309b\",\"status\":\"304\",\"responseTime\":\"53.822\"}","timestamp":"2024-06-13T11:35:41.422Z"}
{"level":"\u001b[32minfo\u001b[39m","message":"{\"method\":\"GET\",\"url\":\"/api/chat/666ad43627a8428badbde692\",\"status\":\"200\",\"responseTime\":\"58.531\"}","timestamp":"2024-06-13T11:38:40.829Z"}
{"level":"\u001b[32minfo\u001b[39m","message":"{\"method\":\"POST\",\"url\":\"/api/message/666ad43627a8428badbde692\",\"status\":\"200\",\"responseTime\":\"480.864\"}","timestamp":"2024-06-13T11:39:58.876Z"}
{"level":"\u001b[32minfo\u001b[39m","message":"{\"method\":\"POST\",\"url\":\"/api/message/666ad43627a8428badbde692\",\"status\":\"200\",\"responseTime\":\"450.279\"}","timestamp":"2024-06-13T11:40:00.313Z"}
{"level":"\u001b[32minfo\u001b[39m","message":"{\"method\":\"GET\",\"url\":\"/api/chat\",\"status\":\"200\",\"responseTime\":\"165.688\"}","timestamp":"2024-06-13T11:40:45.366Z"}
{"level":"\u001b[32minfo\u001b[39m","message":"{\"method\":\"GET\",\"url\":\"/api/chat/666ad5c4cdce0c97fe8d309b\",\"status\":\"200\",\"responseTime\":\"55.522\"}","timestamp":"2024-06-13T11:41:29.782Z"}
{"level":"\u001b[32minfo\u001b[39m","message":"{\"method\":\"GET\",\"url\":\"/api/chat/666ad5c4cdce0c97fe8d309b\",\"status\":\"200\",\"responseTime\":\"1243.912\"}","timestamp":"2024-06-13T11:44:57.379Z"}
{"level":"\u001b[32minfo\u001b[39m","message":"{\"method\":\"POST\",\"url\":\"/api/message/666ad5c4cdce0c97fe8d309b\",\"status\":\"200\",\"responseTime\":\"429.639\"}","timestamp":"2024-06-13T11:45:13.457Z"}
{"level":"\u001b[32minfo\u001b[39m","message":"{\"method\":\"POST\",\"url\":\"/api/message/666ad5c4cdce0c97fe8d309b\",\"status\":\"200\",\"responseTime\":\"427.429\"}","timestamp":"2024-06-13T11:45:17.436Z"}
{"level":"\u001b[32minfo\u001b[39m","message":"{\"method\":\"GET\",\"url\":\"/api/chat/666ad5c4cdce0c97fe8d309b\",\"status\":\"200\",\"responseTime\":\"340.075\"}","timestamp":"2024-06-13T11:45:21.528Z"}
{"level":"\u001b[32minfo\u001b[39m","message":"{\"method\":\"GET\",\"url\":\"/api/user/profilePosts\",\"status\":\"304\",\"responseTime\":\"155.369\"}","timestamp":"2024-06-13T11:46:32.918Z"}
{"level":"\u001b[32minfo\u001b[39m","message":"{\"method\":\"GET\",\"url\":\"/api/chat\",\"status\":\"200\",\"responseTime\":\"479.840\"}","timestamp":"2024-06-13T11:46:33.246Z"}
{"level":"\u001b[32minfo\u001b[39m","message":"{\"method\":\"GET\",\"url\":\"/api/user/profilePosts\",\"status\":\"200\",\"responseTime\":\"157.228\"}","timestamp":"2024-06-13T11:47:15.800Z"}
{"level":"\u001b[32minfo\u001b[39m","message":"{\"method\":\"GET\",\"url\":\"/api/chat\",\"status\":\"200\",\"responseTime\":\"155.087\"}","timestamp":"2024-06-13T11:47:15.802Z"}
{"level":"\u001b[32minfo\u001b[39m","message":"{\"method\":\"GET\",\"url\":\"/api/chat\",\"status\":\"200\",\"responseTime\":\"436.439\"}","timestamp":"2024-06-13T11:47:16.091Z"}
{"level":"\u001b[32minfo\u001b[39m","message":"{\"method\":\"GET\",\"url\":\"/api/user/profilePosts\",\"status\":\"200\",\"responseTime\":\"450.939\"}","timestamp":"2024-06-13T11:47:16.101Z"}
{"level":"\u001b[32minfo\u001b[39m","message":"{\"method\":\"GET\",\"url\":\"/api/chat/666ad5c4cdce0c97fe8d309b\",\"status\":\"200\",\"responseTime\":\"330.865\"}","timestamp":"2024-06-13T11:47:23.154Z"}
{"level":"\u001b[32minfo\u001b[39m","message":"{\"method\":\"GET\",\"url\":\"/api/user/profilePosts\",\"status\":\"304\",\"responseTime\":\"154.465\"}","timestamp":"2024-06-13T11:48:00.885Z"}
{"level":"\u001b[32minfo\u001b[39m","message":"{\"method\":\"GET\",\"url\":\"/api/chat\",\"status\":\"200\",\"responseTime\":\"159.240\"}","timestamp":"2024-06-13T11:48:00.892Z"}
{"level":"\u001b[32minfo\u001b[39m","message":"{\"method\":\"GET\",\"url\":\"/api/chat/666ad5c4cdce0c97fe8d309b\",\"status\":\"200\",\"responseTime\":\"327.225\"}","timestamp":"2024-06-13T11:48:35.123Z"}
{"level":"\u001b[32minfo\u001b[39m","message":"{\"method\":\"GET\",\"url\":\"/api/chat/666ad5c4cdce0c97fe8d309b\",\"status\":\"200\",\"responseTime\":\"328.252\"}","timestamp":"2024-06-13T11:48:48.964Z"}
{"level":"\u001b[32minfo\u001b[39m","message":"{\"method\":\"GET\",\"url\":\"/api/user/profilePosts\",\"status\":\"200\",\"responseTime\":\"153.896\"}","timestamp":"2024-06-13T11:49:46.810Z"}
{"level":"\u001b[32minfo\u001b[39m","message":"{\"method\":\"GET\",\"url\":\"/api/user/profilePosts\",\"status\":\"200\",\"responseTime\":\"162.178\"}","timestamp":"2024-06-13T11:49:46.814Z"}
{"level":"\u001b[32minfo\u001b[39m","message":"{\"method\":\"GET\",\"url\":\"/api/chat\",\"status\":\"200\",\"responseTime\":\"158.932\"}","timestamp":"2024-06-13T11:49:46.819Z"}
{"level":"\u001b[32minfo\u001b[39m","message":"{\"method\":\"GET\",\"url\":\"/api/chat\",\"status\":\"200\",\"responseTime\":\"162.548\"}","timestamp":"2024-06-13T11:49:46.824Z"}
{"level":"\u001b[32minfo\u001b[39m","message":"{\"method\":\"GET\",\"url\":\"/api/chat/666ad43627a8428badbde692\",\"status\":\"200\",\"responseTime\":\"344.089\"}","timestamp":"2024-06-13T11:49:48.741Z"}
{"level":"\u001b[32minfo\u001b[39m","message":"{\"method\":\"GET\",\"url\":\"/api/chat\",\"status\":\"200\",\"responseTime\":\"156.449\"}","timestamp":"2024-06-13T11:49:48.914Z"}
{"level":"\u001b[32minfo\u001b[39m","message":"{\"method\":\"GET\",\"url\":\"/api/user/profilePosts\",\"status\":\"304\",\"responseTime\":\"159.957\"}","timestamp":"2024-06-13T11:49:48.915Z"}
{"level":"\u001b[32minfo\u001b[39m","message":"{\"method\":\"GET\",\"url\":\"/api/user/profilePosts\",\"status\":\"200\",\"responseTime\":\"159.795\"}","timestamp":"2024-06-13T11:49:59.794Z"}
{"level":"\u001b[32minfo\u001b[39m","message":"{\"method\":\"GET\",\"url\":\"/api/chat\",\"status\":\"200\",\"responseTime\":\"160.342\"}","timestamp":"2024-06-13T11:49:59.805Z"}
{"level":"\u001b[32minfo\u001b[39m","message":"{\"method\":\"GET\",\"url\":\"/api/chat\",\"status\":\"200\",\"responseTime\":\"162.245\"}","timestamp":"2024-06-13T11:49:59.807Z"}
{"level":"\u001b[32minfo\u001b[39m","message":"{\"method\":\"GET\",\"url\":\"/api/user/profilePosts\",\"status\":\"200\",\"responseTime\":\"162.973\"}","timestamp":"2024-06-13T11:49:59.813Z"}
{"level":"\u001b[32minfo\u001b[39m","message":"{\"method\":\"GET\",\"url\":\"/api/chat/666ad5c4cdce0c97fe8d309b\",\"status\":\"200\",\"responseTime\":\"331.557\"}","timestamp":"2024-06-13T11:50:01.545Z"}
{"level":"\u001b[32minfo\u001b[39m","message":"{\"method\":\"GET\",\"url\":\"/api/chat\",\"status\":\"200\",\"responseTime\":\"147.428\"}","timestamp":"2024-06-13T11:50:01.702Z"}
{"level":"\u001b[32minfo\u001b[39m","message":"{\"method\":\"GET\",\"url\":\"/api/user/profilePosts\",\"status\":\"304\",\"responseTime\":\"153.315\"}","timestamp":"2024-06-13T11:50:01.707Z"}
{"level":"\u001b[32minfo\u001b[39m","message":"{\"method\":\"GET\",\"url\":\"/api/user/profilePosts\",\"status\":\"200\",\"responseTime\":\"157.341\"}","timestamp":"2024-06-13T11:50:10.596Z"}
{"level":"\u001b[32minfo\u001b[39m","message":"{\"method\":\"GET\",\"url\":\"/api/user/profilePosts\",\"status\":\"200\",\"responseTime\":\"155.160\"}","timestamp":"2024-06-13T11:50:10.599Z"}
{"level":"\u001b[32minfo\u001b[39m","message":"{\"method\":\"GET\",\"url\":\"/api/chat\",\"status\":\"200\",\"responseTime\":\"159.931\"}","timestamp":"2024-06-13T11:50:10.601Z"}
{"level":"\u001b[32minfo\u001b[39m","message":"{\"method\":\"GET\",\"url\":\"/api/chat\",\"status\":\"200\",\"responseTime\":\"159.834\"}","timestamp":"2024-06-13T11:50:10.606Z"}
{"level":"\u001b[32minfo\u001b[39m","message":"{\"method\":\"GET\",\"url\":\"/api/chat/666ad5c4cdce0c97fe8d309b\",\"status\":\"200\",\"responseTime\":\"322.482\"}","timestamp":"2024-06-13T11:50:12.008Z"}
{"level":"\u001b[32minfo\u001b[39m","message":"{\"method\":\"GET\",\"url\":\"/api/chat/666ad43627a8428badbde692\",\"status\":\"200\",\"responseTime\":\"325.038\"}","timestamp":"2024-06-13T11:50:39.443Z"}
{"level":"\u001b[32minfo\u001b[39m","message":"{\"method\":\"GET\",\"url\":\"/api/chat/666ad43627a8428badbde692\",\"status\":\"200\",\"responseTime\":\"320.360\"}","timestamp":"2024-06-13T11:50:40.213Z"}
{"level":"\u001b[32minfo\u001b[39m","message":"{\"method\":\"GET\",\"url\":\"/api/chat/666ad5c4cdce0c97fe8d309b\",\"status\":\"200\",\"responseTime\":\"328.849\"}","timestamp":"2024-06-13T11:50:42.781Z"}
{"level":"\u001b[32minfo\u001b[39m","message":"{\"method\":\"GET\",\"url\":\"/api/chat/666ad5c4cdce0c97fe8d309b\",\"status\":\"200\",\"responseTime\":\"328.659\"}","timestamp":"2024-06-13T11:51:15.491Z"}
{"level":"\u001b[32minfo\u001b[39m","message":"{\"method\":\"GET\",\"url\":\"/api/chat/666ad5c4cdce0c97fe8d309b\",\"status\":\"200\",\"responseTime\":\"319.960\"}","timestamp":"2024-06-13T11:51:43.026Z"}
{"level":"\u001b[32minfo\u001b[39m","message":"{\"method\":\"GET\",\"url\":\"/api/user/profilePosts\",\"status\":\"304\",\"responseTime\":\"160.522\"}","timestamp":"2024-06-13T11:52:45.948Z"}
{"level":"\u001b[32minfo\u001b[39m","message":"{\"method\":\"GET\",\"url\":\"/api/chat\",\"status\":\"200\",\"responseTime\":\"162.782\"}","timestamp":"2024-06-13T11:52:45.960Z"}
{"level":"\u001b[32minfo\u001b[39m","message":"{\"method\":\"GET\",\"url\":\"/api/user/profilePosts\",\"status\":\"200\",\"responseTime\":\"160.104\"}","timestamp":"2024-06-13T11:53:01.233Z"}
{"level":"\u001b[32minfo\u001b[39m","message":"{\"method\":\"GET\",\"url\":\"/api/user/profilePosts\",\"status\":\"200\",\"responseTime\":\"154.622\"}","timestamp":"2024-06-13T11:53:01.235Z"}
{"level":"\u001b[32minfo\u001b[39m","message":"{\"method\":\"GET\",\"url\":\"/api/chat\",\"status\":\"200\",\"responseTime\":\"167.478\"}","timestamp":"2024-06-13T11:53:01.246Z"}
{"level":"\u001b[32minfo\u001b[39m","message":"{\"method\":\"GET\",\"url\":\"/api/chat\",\"status\":\"200\",\"responseTime\":\"166.324\"}","timestamp":"2024-06-13T11:53:01.250Z"}
{"level":"\u001b[32minfo\u001b[39m","message":"{\"method\":\"GET\",\"url\":\"/api/chat/666ad5c4cdce0c97fe8d309b\",\"status\":\"200\",\"responseTime\":\"363.965\"}","timestamp":"2024-06-13T11:53:03.494Z"}
{"level":"\u001b[32minfo\u001b[39m","message":"{\"method\":\"GET\",\"url\":\"/api/chat\",\"status\":\"200\",\"responseTime\":\"147.537\"}","timestamp":"2024-06-13T11:53:03.654Z"}
{"level":"\u001b[32minfo\u001b[39m","message":"{\"method\":\"GET\",\"url\":\"/api/user/profilePosts\",\"status\":\"304\",\"responseTime\":\"156.135\"}","timestamp":"2024-06-13T11:53:03.661Z"}
{"level":"\u001b[32minfo\u001b[39m","message":"{\"method\":\"GET\",\"url\":\"/api/chat\",\"status\":\"200\",\"responseTime\":\"152.559\"}","timestamp":"2024-06-13T11:53:27.254Z"}
{"level":"\u001b[32minfo\u001b[39m","message":"{\"method\":\"GET\",\"url\":\"/api/user/profilePosts\",\"status\":\"200\",\"responseTime\":\"164.944\"}","timestamp":"2024-06-13T11:53:27.257Z"}
{"level":"\u001b[32minfo\u001b[39m","message":"{\"method\":\"GET\",\"url\":\"/api/user/profilePosts\",\"status\":\"200\",\"responseTime\":\"161.891\"}","timestamp":"2024-06-13T11:53:27.259Z"}
{"level":"\u001b[32minfo\u001b[39m","message":"{\"method\":\"GET\",\"url\":\"/api/chat\",\"status\":\"200\",\"responseTime\":\"170.451\"}","timestamp":"2024-06-13T11:53:27.271Z"}
{"level":"\u001b[32minfo\u001b[39m","message":"{\"method\":\"GET\",\"url\":\"/api/chat/666ad5c4cdce0c97fe8d309b\",\"status\":\"200\",\"responseTime\":\"322.312\"}","timestamp":"2024-06-13T11:53:28.943Z"}
{"level":"\u001b[32minfo\u001b[39m","message":"{\"method\":\"GET\",\"url\":\"/api/user/profilePosts\",\"status\":\"304\",\"responseTime\":\"155.648\"}","timestamp":"2024-06-13T11:53:29.106Z"}
{"level":"\u001b[32minfo\u001b[39m","message":"{\"method\":\"GET\",\"url\":\"/api/chat\",\"status\":\"200\",\"responseTime\":\"158.771\"}","timestamp":"2024-06-13T11:53:29.111Z"}
{"level":"\u001b[32minfo\u001b[39m","message":"{\"method\":\"GET\",\"url\":\"/api/user/profilePosts\",\"status\":\"200\",\"responseTime\":\"163.346\"}","timestamp":"2024-06-13T11:53:40.380Z"}
{"level":"\u001b[32minfo\u001b[39m","message":"{\"method\":\"GET\",\"url\":\"/api/user/profilePosts\",\"status\":\"200\",\"responseTime\":\"183.159\"}","timestamp":"2024-06-13T11:53:40.408Z"}
{"level":"\u001b[32minfo\u001b[39m","message":"{\"method\":\"GET\",\"url\":\"/api/chat\",\"status\":\"200\",\"responseTime\":\"192.105\"}","timestamp":"2024-06-13T11:53:40.413Z"}
{"level":"\u001b[32minfo\u001b[39m","message":"{\"method\":\"GET\",\"url\":\"/api/chat\",\"status\":\"200\",\"responseTime\":\"188.492\"}","timestamp":"2024-06-13T11:53:40.415Z"}
{"level":"\u001b[32minfo\u001b[39m","message":"{\"method\":\"GET\",\"url\":\"/api/user/profilePosts\",\"status\":\"200\",\"responseTime\":\"156.726\"}","timestamp":"2024-06-13T11:54:49.098Z"}
{"level":"\u001b[32minfo\u001b[39m","message":"{\"method\":\"GET\",\"url\":\"/api/user/profilePosts\",\"status\":\"200\",\"responseTime\":\"152.397\"}","timestamp":"2024-06-13T11:54:49.100Z"}
{"level":"\u001b[32minfo\u001b[39m","message":"{\"method\":\"GET\",\"url\":\"/api/chat\",\"status\":\"200\",\"responseTime\":\"165.190\"}","timestamp":"2024-06-13T11:54:49.110Z"}
{"level":"\u001b[32minfo\u001b[39m","message":"{\"method\":\"GET\",\"url\":\"/api/chat\",\"status\":\"200\",\"responseTime\":\"161.568\"}","timestamp":"2024-06-13T11:54:49.112Z"}
{"level":"\u001b[32minfo\u001b[39m","message":"{\"method\":\"GET\",\"url\":\"/api/chat/666ad5c4cdce0c97fe8d309b\",\"status\":\"200\",\"responseTime\":\"323.806\"}","timestamp":"2024-06-13T11:54:50.667Z"}
{"level":"\u001b[32minfo\u001b[39m","message":"{\"method\":\"GET\",\"url\":\"/api/chat/666ad5c4cdce0c97fe8d309b\",\"status\":\"200\",\"responseTime\":\"342.287\"}","timestamp":"2024-06-13T11:55:11.512Z"}
{"level":"\u001b[32minfo\u001b[39m","message":"{\"method\":\"GET\",\"url\":\"/api/chat/666ad5c4cdce0c97fe8d309b\",\"status\":\"200\",\"responseTime\":\"320.295\"}","timestamp":"2024-06-13T11:55:48.459Z"}
{"level":"\u001b[32minfo\u001b[39m","message":"{\"method\":\"GET\",\"url\":\"/api/chat/666ad5c4cdce0c97fe8d309b\",\"status\":\"200\",\"responseTime\":\"377.699\"}","timestamp":"2024-06-13T11:59:09.866Z"}
{"level":"\u001b[32minfo\u001b[39m","message":"{\"method\":\"GET\",\"url\":\"/api/chat\",\"status\":\"200\",\"responseTime\":\"156.219\"}","timestamp":"2024-06-13T11:59:33.882Z"}
{"level":"\u001b[32minfo\u001b[39m","message":"{\"method\":\"GET\",\"url\":\"/api/user/profilePosts\",\"status\":\"304\",\"responseTime\":\"158.783\"}","timestamp":"2024-06-13T11:59:33.883Z"}
{"level":"\u001b[32minfo\u001b[39m","message":"{\"method\":\"GET\",\"url\":\"/api/chat\",\"status\":\"304\",\"responseTime\":\"152.929\"}","timestamp":"2024-06-13T12:01:23.972Z"}
{"level":"\u001b[32minfo\u001b[39m","message":"{\"method\":\"GET\",\"url\":\"/api/user/profilePosts\",\"status\":\"304\",\"responseTime\":\"160.491\"}","timestamp":"2024-06-13T12:01:23.978Z"}
{"level":"\u001b[32minfo\u001b[39m","message":"{\"method\":\"GET\",\"url\":\"/api/user/profilePosts\",\"status\":\"304\",\"responseTime\":\"179.635\"}","timestamp":"2024-06-13T12:01:24.159Z"}
{"level":"\u001b[32minfo\u001b[39m","message":"{\"method\":\"GET\",\"url\":\"/api/chat\",\"status\":\"304\",\"responseTime\":\"186.436\"}","timestamp":"2024-06-13T12:01:24.161Z"}
{"level":"\u001b[32minfo\u001b[39m","message":"{\"method\":\"GET\",\"url\":\"/api/chat/666ad5c4cdce0c97fe8d309b\",\"status\":\"200\",\"responseTime\":\"329.645\"}","timestamp":"2024-06-13T12:01:26.122Z"}
{"level":"\u001b[32minfo\u001b[39m","message":"{\"method\":\"GET\",\"url\":\"/api/user/profilePosts\",\"status\":\"304\",\"responseTime\":\"159.256\"}","timestamp":"2024-06-13T12:02:02.886Z"}
{"level":"\u001b[32minfo\u001b[39m","message":"{\"method\":\"GET\",\"url\":\"/api/chat\",\"status\":\"200\",\"responseTime\":\"161.030\"}","timestamp":"2024-06-13T12:02:02.891Z"}
{"level":"\u001b[32minfo\u001b[39m","message":"{\"method\":\"GET\",\"url\":\"/api/chat/666ad5c4cdce0c97fe8d309b\",\"status\":\"200\",\"responseTime\":\"323.771\"}","timestamp":"2024-06-13T12:02:18.886Z"}
{"level":"\u001b[32minfo\u001b[39m","message":"{\"method\":\"GET\",\"url\":\"/api/chat/666ad43627a8428badbde692\",\"status\":\"200\",\"responseTime\":\"327.417\"}","timestamp":"2024-06-13T12:02:28.849Z"}
{"level":"\u001b[32minfo\u001b[39m","message":"{\"method\":\"GET\",\"url\":\"/api/chat/666ad43627a8428badbde692\",\"status\":\"200\",\"responseTime\":\"330.615\"}","timestamp":"2024-06-13T12:02:29.379Z"}
{"level":"\u001b[32minfo\u001b[39m","message":"{\"method\":\"GET\",\"url\":\"/api/chat/666ad5c4cdce0c97fe8d309b\",\"status\":\"200\",\"responseTime\":\"325.309\"}","timestamp":"2024-06-13T12:02:32.030Z"}
{"level":"\u001b[32minfo\u001b[39m","message":"{\"method\":\"GET\",\"url\":\"/api/chat/666ad43627a8428badbde692\",\"status\":\"200\",\"responseTime\":\"331.167\"}","timestamp":"2024-06-13T12:02:34.492Z"}
{"level":"\u001b[32minfo\u001b[39m","message":"{\"method\":\"GET\",\"url\":\"/api/chat/666ad5c4cdce0c97fe8d309b\",\"status\":\"200\",\"responseTime\":\"329.119\"}","timestamp":"2024-06-13T12:02:41.003Z"}
{"level":"\u001b[32minfo\u001b[39m","message":"{\"method\":\"GET\",\"url\":\"/api/chat/666ad43627a8428badbde692\",\"status\":\"200\",\"responseTime\":\"322.836\"}","timestamp":"2024-06-13T12:02:42.151Z"}
{"level":"\u001b[32minfo\u001b[39m","message":"{\"method\":\"GET\",\"url\":\"/api/chat/666ad43627a8428badbde692\",\"status\":\"200\",\"responseTime\":\"324.681\"}","timestamp":"2024-06-13T12:02:42.646Z"}
{"level":"\u001b[32minfo\u001b[39m","message":"{\"method\":\"GET\",\"url\":\"/api/chat\",\"status\":\"200\",\"responseTime\":\"163.157\"}","timestamp":"2024-06-13T12:08:42.910Z"}
{"level":"\u001b[32minfo\u001b[39m","message":"{\"method\":\"GET\",\"url\":\"/api/user/profilePosts\",\"status\":\"304\",\"responseTime\":\"172.716\"}","timestamp":"2024-06-13T12:08:42.913Z"}
{"level":"\u001b[32minfo\u001b[39m","message":"{\"method\":\"GET\",\"url\":\"/api/user/profilePosts\",\"status\":\"304\",\"responseTime\":\"156.670\"}","timestamp":"2024-06-13T12:08:43.074Z"}
{"level":"\u001b[32minfo\u001b[39m","message":"{\"method\":\"GET\",\"url\":\"/api/chat\",\"status\":\"304\",\"responseTime\":\"162.996\"}","timestamp":"2024-06-13T12:08:43.078Z"}
{"level":"\u001b[32minfo\u001b[39m","message":"{\"method\":\"GET\",\"url\":\"/api/chat/666ad43627a8428badbde692\",\"status\":\"200\",\"responseTime\":\"338.837\"}","timestamp":"2024-06-13T12:09:22.285Z"}
{"level":"\u001b[32minfo\u001b[39m","message":"{\"method\":\"GET\",\"url\":\"/api/chat\",\"status\":\"200\",\"responseTime\":\"158.511\"}","timestamp":"2024-06-13T12:10:54.116Z"}
{"level":"\u001b[32minfo\u001b[39m","message":"{\"method\":\"GET\",\"url\":\"/api/user/profilePosts\",\"status\":\"304\",\"responseTime\":\"162.160\"}","timestamp":"2024-06-13T12:10:54.117Z"}
{"level":"\u001b[32minfo\u001b[39m","message":"{\"method\":\"POST\",\"url\":\"/api/message/666ad43627a8428badbde692\",\"status\":\"200\",\"responseTime\":\"423.357\"}","timestamp":"2024-06-13T12:10:54.393Z"}
{"level":"\u001b[32minfo\u001b[39m","message":"{\"method\":\"GET\",\"url\":\"/api/user/profilePosts\",\"status\":\"200\",\"responseTime\":\"164.446\"}","timestamp":"2024-06-13T12:11:00.262Z"}
{"level":"\u001b[32minfo\u001b[39m","message":"{\"method\":\"GET\",\"url\":\"/api/user/profilePosts\",\"status\":\"200\",\"responseTime\":\"171.960\"}","timestamp":"2024-06-13T12:11:00.263Z"}
{"level":"\u001b[32minfo\u001b[39m","message":"{\"method\":\"GET\",\"url\":\"/api/chat\",\"status\":\"200\",\"responseTime\":\"165.434\"}","timestamp":"2024-06-13T12:11:00.266Z"}
{"level":"\u001b[32minfo\u001b[39m","message":"{\"method\":\"GET\",\"url\":\"/api/chat\",\"status\":\"200\",\"responseTime\":\"172.151\"}","timestamp":"2024-06-13T12:11:00.267Z"}
{"level":"\u001b[32minfo\u001b[39m","message":"{\"method\":\"GET\",\"url\":\"/api/chat/666ad5c4cdce0c97fe8d309b\",\"status\":\"200\",\"responseTime\":\"327.966\"}","timestamp":"2024-06-13T12:11:18.520Z"}
{"level":"\u001b[32minfo\u001b[39m","message":"{\"method\":\"POST\",\"url\":\"/api/message/666ad5c4cdce0c97fe8d309b\",\"status\":\"200\",\"responseTime\":\"429.071\"}","timestamp":"2024-06-13T12:11:21.947Z"}
{"level":"\u001b[32minfo\u001b[39m","message":"{\"method\":\"GET\",\"url\":\"/api/user/profilePosts\",\"status\":\"200\",\"responseTime\":\"163.731\"}","timestamp":"2024-06-13T12:11:35.259Z"}
{"level":"\u001b[32minfo\u001b[39m","message":"{\"method\":\"GET\",\"url\":\"/api/user/profilePosts\",\"status\":\"200\",\"responseTime\":\"160.969\"}","timestamp":"2024-06-13T12:11:35.262Z"}
{"level":"\u001b[32minfo\u001b[39m","message":"{\"method\":\"GET\",\"url\":\"/api/chat\",\"status\":\"200\",\"responseTime\":\"158.412\"}","timestamp":"2024-06-13T12:11:35.265Z"}
{"level":"\u001b[32minfo\u001b[39m","message":"{\"method\":\"GET\",\"url\":\"/api/chat\",\"status\":\"200\",\"responseTime\":\"163.547\"}","timestamp":"2024-06-13T12:11:35.267Z"}
{"level":"\u001b[32minfo\u001b[39m","message":"{\"method\":\"GET\",\"url\":\"/api/chat/666ad5c4cdce0c97fe8d309b\",\"status\":\"200\",\"responseTime\":\"328.266\"}","timestamp":"2024-06-13T12:11:37.968Z"}
{"level":"\u001b[32minfo\u001b[39m","message":"{\"method\":\"POST\",\"url\":\"/api/message/666ad5c4cdce0c97fe8d309b\",\"status\":\"200\",\"responseTime\":\"419.901\"}","timestamp":"2024-06-13T12:11:41.804Z"}
{"level":"\u001b[32minfo\u001b[39m","message":"{\"method\":\"GET\",\"url\":\"/api/chat\",\"status\":\"200\",\"responseTime\":\"258.072\"}","timestamp":"2024-06-13T12:32:49.716Z"}
{"level":"\u001b[32minfo\u001b[39m","message":"{\"method\":\"GET\",\"url\":\"/api/user/profilePosts\",\"status\":\"304\",\"responseTime\":\"336.492\"}","timestamp":"2024-06-13T12:32:49.732Z"}
{"level":"\u001b[32minfo\u001b[39m","message":"{\"method\":\"GET\",\"url\":\"/api/chat\",\"status\":\"304\",\"responseTime\":\"187.887\"}","timestamp":"2024-06-13T12:32:49.935Z"}
{"level":"\u001b[32minfo\u001b[39m","message":"{\"method\":\"GET\",\"url\":\"/api/user/profilePosts\",\"status\":\"304\",\"responseTime\":\"232.286\"}","timestamp":"2024-06-13T12:32:49.982Z"}
{"level":"\u001b[32minfo\u001b[39m","message":"{\"method\":\"GET\",\"url\":\"/api/user/profilePosts\",\"status\":\"304\",\"responseTime\":\"177.812\"}","timestamp":"2024-06-13T12:33:29.989Z"}
{"level":"\u001b[32minfo\u001b[39m","message":"{\"method\":\"GET\",\"url\":\"/api/chat\",\"status\":\"304\",\"responseTime\":\"309.550\"}","timestamp":"2024-06-13T12:33:30.125Z"}
{"level":"\u001b[32minfo\u001b[39m","message":"{\"method\":\"GET\",\"url\":\"/api/user/profilePosts\",\"status\":\"304\",\"responseTime\":\"258.088\"}","timestamp":"2024-06-13T12:33:30.252Z"}
{"level":"\u001b[32minfo\u001b[39m","message":"{\"method\":\"GET\",\"url\":\"/api/chat\",\"status\":\"304\",\"responseTime\":\"212.068\"}","timestamp":"2024-06-13T12:33:30.361Z"}
{"level":"\u001b[32minfo\u001b[39m","message":"{\"method\":\"GET\",\"url\":\"/api/chat\",\"status\":\"304\",\"responseTime\":\"162.541\"}","timestamp":"2024-06-13T12:33:56.245Z"}
{"level":"\u001b[32minfo\u001b[39m","message":"{\"method\":\"GET\",\"url\":\"/api/user/profilePosts\",\"status\":\"304\",\"responseTime\":\"168.601\"}","timestamp":"2024-06-13T12:33:56.247Z"}
{"level":"\u001b[32minfo\u001b[39m","message":"{\"method\":\"GET\",\"url\":\"/api/chat\",\"status\":\"304\",\"responseTime\":\"163.884\"}","timestamp":"2024-06-13T12:33:56.415Z"}
{"level":"\u001b[32minfo\u001b[39m","message":"{\"method\":\"GET\",\"url\":\"/api/user/profilePosts\",\"status\":\"304\",\"responseTime\":\"166.630\"}","timestamp":"2024-06-13T12:33:56.418Z"}
